# JRE version: Java(TM) SE Runtime Environment (7.0_72-b14) (build 1.7.0_72-b14)
# Java VM: Java HotSpot(TM) 64-Bit Server VM (24.72-b04 mixed mode bsd-amd64 compressed oops)
Heap
 PSYoungGen      total 223232K, used 89206K [0x00000007eaa80000, 0x00000007fb100000, 0x0000000800000000)
  eden space 201728K, 33% used [0x00000007eaa80000,0x00000007eece9570,0x00000007f6f80000)
  from space 21504K, 98% used [0x00000007f6f80000,0x00000007f84342a8,0x00000007f8480000)
  to   space 33280K, 0% used [0x00000007f9080000,0x00000007f9080000,0x00000007fb100000)
 ParOldGen       total 679936K, used 90715K [0x00000007c0000000, 0x00000007e9800000, 0x00000007eaa80000)
  object space 679936K, 13% used [0x00000007c0000000,0x00000007c5896da0,0x00000007e9800000)
 PSPermGen       total 169984K, used 160635K [0x00000007b0000000, 0x00000007ba600000, 0x00000007c0000000)
  object space 169984K, 94% used [0x00000007b0000000,0x00000007b9cdeeb8,0x00000007ba600000)
GC Heap History (10 events):
Event: 40279.254 GC heap before
{Heap before GC invocations=415 (full 111):
 PSYoungGen      total 219136K, used 200704K [0x00000007eaa80000, 0x00000007fb780000, 0x0000000800000000)
  eden space 200704K, 100% used [0x00000007eaa80000,0x00000007f6e80000,0x00000007f6e80000)
  from space 18432K, 0% used [0x00000007f6e80000,0x00000007f6e80000,0x00000007f8080000)
  to   space 37376K, 0% used [0x00000007f9300000,0x00000007f9300000,0x00000007fb780000)
 ParOldGen       total 679936K, used 71242K [0x00000007c0000000, 0x00000007e9800000, 0x00000007eaa80000)
  object space 679936K, 10% used [0x00000007c0000000,0x00000007c4592a98,0x00000007e9800000)
 PSPermGen       total 163328K, used 144045K [0x00000007b0000000, 0x00000007b9f80000, 0x00000007c0000000)
  object space 163328K, 88% used [0x00000007b0000000,0x00000007b8cab6b8,0x00000007b9f80000)
Event: 40279.274 GC heap after
Heap after GC invocations=415 (full 111):
 PSYoungGen      total 236032K, used 22952K [0x00000007eaa80000, 0x00000007fb500000, 0x0000000800000000)
  eden space 201216K, 0% used [0x00000007eaa80000,0x00000007eaa80000,0x00000007f6f00000)
  from space 34816K, 65% used [0x00000007f9300000,0x00000007fa96a0b8,0x00000007fb500000)
  to   space 35840K, 0% used [0x00000007f6f00000,0x00000007f6f00000,0x00000007f9200000)
 ParOldGen       total 679936K, used 71242K [0x00000007c0000000, 0x00000007e9800000, 0x00000007eaa80000)
  object space 679936K, 10% used [0x00000007c0000000,0x00000007c4592a98,0x00000007e9800000)
 PSPermGen       total 163328K, used 144045K [0x00000007b0000000, 0x00000007b9f80000, 0x00000007c0000000)
  object space 163328K, 88% used [0x00000007b0000000,0x00000007b8cab6b8,0x00000007b9f80000)
}
Event: 40291.884 GC heap before
{Heap before GC invocations=416 (full 111):
 PSYoungGen      total 236032K, used 187904K [0x00000007eaa80000, 0x00000007fb500000, 0x0000000800000000)
  eden space 201216K, 81% used [0x00000007eaa80000,0x00000007f4b96268,0x00000007f6f00000)
  from space 34816K, 65% used [0x00000007f9300000,0x00000007fa96a0b8,0x00000007fb500000)
  to   space 35840K, 0% used [0x00000007f6f00000,0x00000007f6f00000,0x00000007f9200000)
 ParOldGen       total 679936K, used 71242K [0x00000007c0000000, 0x00000007e9800000, 0x00000007eaa80000)
  object space 679936K, 10% used [0x00000007c0000000,0x00000007c4592a98,0x00000007e9800000)
 PSPermGen       total 163328K, used 146017K [0x00000007b0000000, 0x00000007b9f80000, 0x00000007c0000000)
  object space 163328K, 89% used [0x00000007b0000000,0x00000007b8e98688,0x00000007b9f80000)
Event: 40291.906 GC heap after
Heap after GC invocations=416 (full 111):
 PSYoungGen      total 222720K, used 21373K [0x00000007eaa80000, 0x00000007fb400000, 0x0000000800000000)
  eden space 201216K, 0% used [0x00000007eaa80000,0x00000007eaa80000,0x00000007f6f00000)
  from space 21504K, 99% used [0x00000007f6f00000,0x00000007f83df710,0x00000007f8400000)
  to   space 35328K, 0% used [0x00000007f9180000,0x00000007f9180000,0x00000007fb400000)
 ParOldGen       total 679936K, used 71242K [0x00000007c0000000, 0x00000007e9800000, 0x00000007eaa80000)
  object space 679936K, 10% used [0x00000007c0000000,0x00000007c4592a98,0x00000007e9800000)
 PSPermGen       total 163328K, used 146017K [0x00000007b0000000, 0x00000007b9f80000, 0x00000007c0000000)
  object space 163328K, 89% used [0x00000007b0000000,0x00000007b8e98688,0x00000007b9f80000)
}
Event: 40291.906 GC heap before
{Heap before GC invocations=417 (full 112):
 PSYoungGen      total 222720K, used 21373K [0x00000007eaa80000, 0x00000007fb400000, 0x0000000800000000)
  eden space 201216K, 0% used [0x00000007eaa80000,0x00000007eaa80000,0x00000007f6f00000)
  from space 21504K, 99% used [0x00000007f6f00000,0x00000007f83df710,0x00000007f8400000)
  to   space 35328K, 0% used [0x00000007f9180000,0x00000007f9180000,0x00000007fb400000)
 ParOldGen       total 679936K, used 71242K [0x00000007c0000000, 0x00000007e9800000, 0x00000007eaa80000)
  object space 679936K, 10% used [0x00000007c0000000,0x00000007c4592a98,0x00000007e9800000)
 PSPermGen       total 163328K, used 146017K [0x00000007b0000000, 0x00000007b9f80000, 0x00000007c0000000)
  object space 163328K, 89% used [0x00000007b0000000,0x00000007b8e98688,0x00000007b9f80000)
Event: 40292.390 GC heap after
Heap after GC invocations=417 (full 112):
 PSYoungGen      total 222720K, used 0K [0x00000007eaa80000, 0x00000007fb400000, 0x0000000800000000)
  eden space 201216K, 0% used [0x00000007eaa80000,0x00000007eaa80000,0x00000007f6f00000)
  from space 21504K, 0% used [0x00000007f6f00000,0x00000007f6f00000,0x00000007f8400000)
  to   space 35328K, 0% used [0x00000007f9180000,0x00000007f9180000,0x00000007fb400000)
 ParOldGen       total 679936K, used 90715K [0x00000007c0000000, 0x00000007e9800000, 0x00000007eaa80000)
  object space 679936K, 13% used [0x00000007c0000000,0x00000007c5896da0,0x00000007e9800000)
 PSPermGen       total 169984K, used 145977K [0x00000007b0000000, 0x00000007ba600000, 0x00000007c0000000)
  object space 169984K, 85% used [0x00000007b0000000,0x00000007b8e8e5f8,0x00000007ba600000)
}
Event: 40382.215 GC heap before
{Heap before GC invocations=418 (full 112):
 PSYoungGen      total 222720K, used 201216K [0x00000007eaa80000, 0x00000007fb400000, 0x0000000800000000)
  eden space 201216K, 100% used [0x00000007eaa80000,0x00000007f6f00000,0x00000007f6f00000)
  from space 21504K, 0% used [0x00000007f6f00000,0x00000007f6f00000,0x00000007f8400000)
  to   space 35328K, 0% used [0x00000007f9180000,0x00000007f9180000,0x00000007fb400000)
 ParOldGen       total 679936K, used 90715K [0x00000007c0000000, 0x00000007e9800000, 0x00000007eaa80000)
  object space 679936K, 13% used [0x00000007c0000000,0x00000007c5896da0,0x00000007e9800000)
 PSPermGen       total 169984K, used 153096K [0x00000007b0000000, 0x00000007ba600000, 0x00000007c0000000)
  object space 169984K, 90% used [0x00000007b0000000,0x00000007b9582340,0x00000007ba600000)
Event: 40382.234 GC heap after
Heap after GC invocations=418 (full 112):
 PSYoungGen      total 235520K, used 21353K [0x00000007eaa80000, 0x00000007fb280000, 0x0000000800000000)
  eden space 201728K, 0% used [0x00000007eaa80000,0x00000007eaa80000,0x00000007f6f80000)
  from space 33792K, 63% used [0x00000007f9180000,0x00000007fa65a438,0x00000007fb280000)
  to   space 34304K, 0% used [0x00000007f6f80000,0x00000007f6f80000,0x00000007f9100000)
 ParOldGen       total 679936K, used 90715K [0x00000007c0000000, 0x00000007e9800000, 0x00000007eaa80000)
  object space 679936K, 13% used [0x00000007c0000000,0x00000007c5896da0,0x00000007e9800000)
 PSPermGen       total 169984K, used 153096K [0x00000007b0000000, 0x00000007ba600000, 0x00000007c0000000)
  object space 169984K, 90% used [0x00000007b0000000,0x00000007b9582340,0x00000007ba600000)
}
Event: 41110.120 GC heap before
{Heap before GC invocations=419 (full 112):
 PSYoungGen      total 235520K, used 223081K [0x00000007eaa80000, 0x00000007fb280000, 0x0000000800000000)
  eden space 201728K, 100% used [0x00000007eaa80000,0x00000007f6f80000,0x00000007f6f80000)
  from space 33792K, 63% used [0x00000007f9180000,0x00000007fa65a438,0x00000007fb280000)
  to   space 34304K, 0% used [0x00000007f6f80000,0x00000007f6f80000,0x00000007f9100000)
 ParOldGen       total 679936K, used 90715K [0x00000007c0000000, 0x00000007e9800000, 0x00000007eaa80000)
  object space 679936K, 13% used [0x00000007c0000000,0x00000007c5896da0,0x00000007e9800000)
 PSPermGen       total 169984K, used 155089K [0x00000007b0000000, 0x00000007ba600000, 0x00000007c0000000)
  object space 169984K, 91% used [0x00000007b0000000,0x00000007b9774670,0x00000007ba600000)
Event: 41110.246 GC heap after
Heap after GC invocations=419 (full 112):
 PSYoungGen      total 223232K, used 21200K [0x00000007eaa80000, 0x00000007fb100000, 0x0000000800000000)
  eden space 201728K, 0% used [0x00000007eaa80000,0x00000007eaa80000,0x00000007f6f80000)
  from space 21504K, 98% used [0x00000007f6f80000,0x00000007f84342a8,0x00000007f8480000)
  to   space 33280K, 0% used [0x00000007f9080000,0x00000007f9080000,0x00000007fb100000)
 ParOldGen       total 679936K, used 90715K [0x00000007c0000000, 0x00000007e9800000, 0x00000007eaa80000)
  object space 679936K, 13% used [0x00000007c0000000,0x00000007c5896da0,0x00000007e9800000)
 PSPermGen       total 169984K, used 155089K [0x00000007b0000000, 0x00000007ba600000, 0x00000007c0000000)
  object space 169984K, 91% used [0x00000007b0000000,0x00000007b9774670,0x00000007ba600000)
}

